<?xml version="1.0" encoding="UTF-8"?>
<testsuite xmlns:xsi="http://www.w3.org/2001/XMLSchema-instance" xsi:noNamespaceSchemaLocation="https://maven.apache.org/surefire/maven-surefire-plugin/xsd/surefire-test-report.xsd" name="BidCreation as Create, update and delete." time="121.932" tests="1" errors="1" skipped="0" failures="0">
  <properties>
[...]
</properties>
  <testcase name="Download the zip file from Bid creation" classname="BidCreation as Create, update and delete." time="117.432">
    <error message="no such element: Unable to locate element: {&quot;method&quot;:&quot;xpath&quot;,&quot;selector&quot;:&quot;//input[@value=&apos;Bid Plan and Tracker - CRM 103501&apos; and contains(@title,&apos;Name Required Field&apos;)]&quot;}&#10;  (Session info: chrome=95.0.4638.54)&#10;For documentation on this error, please visit: http://seleniumhq.org/exceptions/no_such_element.html&#10;Build info: version: &apos;3.10.0&apos;, revision: &apos;176b4a9&apos;, time: &apos;2018-03-02T19:03:16.397Z&apos;&#10;System info: host: &apos;UK-V-JENK-01&apos;, ip: &apos;10.102.80.159&apos;, os.name: &apos;Windows Server 2016&apos;, os.arch: &apos;amd64&apos;, os.version: &apos;10.0&apos;, java.version: &apos;11.0.4&apos;&#10;Driver info: org.openqa.selenium.chrome.ChromeDriver&#10;Capabilities {acceptInsecureCerts: false, browserName: chrome, browserVersion: 95.0.4638.54, chrome: {chromedriverVersion: 95.0.4638.10 (970bcf99e2bb6..., userDataDir: C:\Users\PARMES~1.GLO\AppDa...}, goog:chromeOptions: {debuggerAddress: localhost:60962}, javascriptEnabled: true, networkConnectionEnabled: false, pageLoadStrategy: normal, platform: WINDOWS, platformName: WINDOWS, proxy: Proxy(), setWindowRect: true, strictFileInteractability: false, timeouts: {implicit: 0, pageLoad: 300000, script: 30000}, unhandledPromptBehavior: dismiss and notify, webauthn:extension:credBlob: true, webauthn:extension:largeBlob: true, webauthn:virtualAuthenticators: true}&#10;Session ID: 01b2dbaea85a84471403bd134a118cd4&#10;*** Element info: {Using=xpath, value=//input[@value=&apos;Bid Plan and Tracker - CRM 103501&apos; and contains(@title,&apos;Name Required Field&apos;)]}" type="org.openqa.selenium.NoSuchElementException">org.openqa.selenium.NoSuchElementException: 
no such element: Unable to locate element: {"method":"xpath","selector":"//input[@value='Bid Plan and Tracker - CRM 103501' and contains(@title,'Name Required Field')]"}
  (Session info: chrome=95.0.4638.54)
For documentation on this error, please visit: http://seleniumhq.org/exceptions/no_such_element.html
Build info: version: '3.10.0', revision: '176b4a9', time: '2018-03-02T19:03:16.397Z'
System info: host: 'UK-V-JENK-01', ip: '10.102.80.159', os.name: 'Windows Server 2016', os.arch: 'amd64', os.version: '10.0', java.version: '11.0.4'
Driver info: org.openqa.selenium.chrome.ChromeDriver
Capabilities {acceptInsecureCerts: false, browserName: chrome, browserVersion: 95.0.4638.54, chrome: {chromedriverVersion: 95.0.4638.10 (970bcf99e2bb6..., userDataDir: C:\Users\PARMES~1.GLO\AppDa...}, goog:chromeOptions: {debuggerAddress: localhost:60962}, javascriptEnabled: true, networkConnectionEnabled: false, pageLoadStrategy: normal, platform: WINDOWS, platformName: WINDOWS, proxy: Proxy(), setWindowRect: true, strictFileInteractability: false, timeouts: {implicit: 0, pageLoad: 300000, script: 30000}, unhandledPromptBehavior: dismiss and notify, webauthn:extension:credBlob: true, webauthn:extension:largeBlob: true, webauthn:virtualAuthenticators: true}
Session ID: 01b2dbaea85a84471403bd134a118cd4
*** Element info: {Using=xpath, value=//input[@value='Bid Plan and Tracker - CRM 103501' and contains(@title,'Name Required Field')]}
</error>
    <system-out><![CDATA[out********************************************chrome
os********************************************chromewindows server 2016
if win********************************************chrome
if********************************************chrome
The Browser used for this test is: CHROME
Beginning of getExtentReportsInstance method in ExtentHtmlManager class...
Report name = 21_10_2021_17_03_47.html
End of getExtentReportsInstance method in ExtentHtmlManager class...
Beginning of getExtentReportsInstance method in ExtentHtmlManager class...
Beginning of getExtentReportsInstance method in ExtentHtmlManager class...
URLS@@@@@@@@:===http://parmeshwar.sakole:Maahi@123456789@tc3-v-devsp05:8888/Bid%20List/Forms/
=============if conditon
Beginning of getExtentReportsInstance method in ExtentHtmlManager class...
actualtitle = BidPortal - Forms - StandardSecurityView
Beginning of getExtentReportsInstance method in ExtentHtmlManager class...
bidRecords count [[[ChromeDriver: chrome on WINDOWS (01b2dbaea85a84471403bd134a118cd4)] -> xpath: (//*[@class='ms-List-cell'])[1]//following::span[contains(@class,'FieldRenderer-NameRenderer-SignalField')]], [[ChromeDriver: chrome on WINDOWS (01b2dbaea85a84471403bd134a118cd4)] -> xpath: (//*[@class='ms-List-cell'])[1]//following::span[contains(@class,'FieldRenderer-NameRenderer-SignalField')]], [[ChromeDriver: chrome on WINDOWS (01b2dbaea85a84471403bd134a118cd4)] -> xpath: (//*[@class='ms-List-cell'])[1]//following::span[contains(@class,'FieldRenderer-NameRenderer-SignalField')]], [[ChromeDriver: chrome on WINDOWS (01b2dbaea85a84471403bd134a118cd4)] -> xpath: (//*[@class='ms-List-cell'])[1]//following::span[contains(@class,'FieldRenderer-NameRenderer-SignalField')]], [[ChromeDriver: chrome on WINDOWS (01b2dbaea85a84471403bd134a118cd4)] -> xpath: (//*[@class='ms-List-cell'])[1]//following::span[contains(@class,'FieldRenderer-NameRenderer-SignalField')]], [[ChromeDriver: chrome on WINDOWS (01b2dbaea85a84471403bd134a118cd4)] -> xpath: (//*[@class='ms-List-cell'])[1]//following::span[contains(@class,'FieldRenderer-NameRenderer-SignalField')]], [[ChromeDriver: chrome on WINDOWS (01b2dbaea85a84471403bd134a118cd4)] -> xpath: (//*[@class='ms-List-cell'])[1]//following::span[contains(@class,'FieldRenderer-NameRenderer-SignalField')]], [[ChromeDriver: chrome on WINDOWS (01b2dbaea85a84471403bd134a118cd4)] -> xpath: (//*[@class='ms-List-cell'])[1]//following::span[contains(@class,'FieldRenderer-NameRenderer-SignalField')]], [[ChromeDriver: chrome on WINDOWS (01b2dbaea85a84471403bd134a118cd4)] -> xpath: (//*[@class='ms-List-cell'])[1]//following::span[contains(@class,'FieldRenderer-NameRenderer-SignalField')]], [[ChromeDriver: chrome on WINDOWS (01b2dbaea85a84471403bd134a118cd4)] -> xpath: (//*[@class='ms-List-cell'])[1]//following::span[contains(@class,'FieldRenderer-NameRenderer-SignalField')]], [[ChromeDriver: chrome on WINDOWS (01b2dbaea85a84471403bd134a118cd4)] -> xpath: (//*[@class='ms-List-cell'])[1]//following::span[contains(@class,'FieldRenderer-NameRenderer-SignalField')]], [[ChromeDriver: chrome on WINDOWS (01b2dbaea85a84471403bd134a118cd4)] -> xpath: (//*[@class='ms-List-cell'])[1]//following::span[contains(@class,'FieldRenderer-NameRenderer-SignalField')]], [[ChromeDriver: chrome on WINDOWS (01b2dbaea85a84471403bd134a118cd4)] -> xpath: (//*[@class='ms-List-cell'])[1]//following::span[contains(@class,'FieldRenderer-NameRenderer-SignalField')]], [[ChromeDriver: chrome on WINDOWS (01b2dbaea85a84471403bd134a118cd4)] -> xpath: (//*[@class='ms-List-cell'])[1]//following::span[contains(@class,'FieldRenderer-NameRenderer-SignalField')]], [[ChromeDriver: chrome on WINDOWS (01b2dbaea85a84471403bd134a118cd4)] -> xpath: (//*[@class='ms-List-cell'])[1]//following::span[contains(@class,'FieldRenderer-NameRenderer-SignalField')]]]
---------*****BID-1634828794501
Beginning of getExtentReportsInstance method in ExtentHtmlManager class...
Beginning of getExtentReportsInstance method in ExtentHtmlManager class...
title check BID-1634828794501
JummmmmmmmmmmmmmmmmmmmmmmmmmmmmmPPPPPPPPing
alert  present
]]></system-out>
    <system-err><![CDATA[Starting ChromeDriver 95.0.4638.10 (970bcf99e2bb66a6e724fc5a2806974c7d7a0e8d-refs/branch-heads/4638@{#87}) on port 65094
Only local connections are allowed.
Please see https://chromedriver.chromium.org/security-considerations for suggestions on keeping ChromeDriver safe.
ChromeDriver was started successfully.
Oct 21, 2021 5:03:46 PM org.openqa.selenium.remote.ProtocolHandshake createSession
INFO: Detected dialect: W3C
]]></system-err>
  </testcase>
</testsuite>